<?xml version="1.0" encoding="UTF-8"?>
<robot generator="Robot 5.0.1 (Python 3.7.5 on win32)" generated="20220801 23:08:11.155" rpa="true" schemaversion="3">
<suite id="s1" name="Tasks" source="d:\Robocorp\Cert 2\order-robot\tasks.robot">
<test id="s1-t1" name="Order robots from RobotSpareBin Industries Inc" line="12">
<kw name="Log Secret">
<kw name="Get Secret" library="RPA.Robocorp.Vault">
<var>${secret}</var>
<arg>order-robot</arg>
<doc>Read a secret from the configured source, e.g. Robocorp Vault,
and return it as a ``Secret`` object.</doc>
<msg timestamp="20220801 23:08:12.114" level="INFO">Protecting keyword: RPA.Robocorp.Vault.Get Secret</msg>
<msg timestamp="20220801 23:08:12.115" level="INFO">Log level changed from NONE to INFO.</msg>
<status status="PASS" starttime="20220801 23:08:12.114" endtime="20220801 23:08:12.115"/>
</kw>
<kw name="Log" library="BuiltIn">
<arg>${secret}[message]</arg>
<doc>Logs the given message with the given level.</doc>
<msg timestamp="20220801 23:08:12.115" level="INFO">Hello World</msg>
<status status="PASS" starttime="20220801 23:08:12.115" endtime="20220801 23:08:12.120"/>
</kw>
<status status="PASS" starttime="20220801 23:08:12.114" endtime="20220801 23:08:12.120"/>
</kw>
<status status="PASS" starttime="20220801 23:08:12.113" endtime="20220801 23:08:12.120"/>
</test>
<doc>Orders robots from RobotSpareBin Industries Inc.
Saves the order HTML receipt as a PDF file.
Saves the screenshot of the ordered robot.
Embeds the screenshot of the robot to the PDF receipt.
Creates ZIP archive of the receipts and the images.</doc>
<status status="PASS" starttime="20220801 23:08:11.160" endtime="20220801 23:08:12.121"/>
</suite>
<statistics>
<total>
<stat pass="1" fail="0" skip="0">All Tasks</stat>
</total>
<tag>
</tag>
<suite>
<stat pass="1" fail="0" skip="0" id="s1" name="Tasks">Tasks</stat>
</suite>
</statistics>
<errors>
</errors>
</robot>
